<?xml version="1.0" encoding="utf-8"?><testsuites name="pytest tests"><testsuite name="pytest" errors="0" failures="0" skipped="0" tests="14" time="73.151" timestamp="2026-06-06T16:27:36.590737+00:00" hostname="agent-env-e1a8db2a-a625-4bd8-ad0d-2f9110b01597"><testcase classname="backend.tests.test_ai_endpoints.TestHealth" name="test_health" time="0.149" /><testcase classname="backend.tests.test_ai_endpoints.TestHealth" name="test_root_info" time="0.046" /><testcase classname="backend.tests.test_ai_endpoints.TestSuggestTask" name="test_suggest_task_categories[Pagare bolletta luce-expected_categories0]" time="2.496" /><testcase classname="backend.tests.test_ai_endpoints.TestSuggestTask" name="test_suggest_task_categories[Comprare il latte-expected_categories1]" time="1.895" /><testcase classname="backend.tests.test_ai_endpoints.TestSuggestTask" name="test_suggest_task_categories[Visita dentista-expected_categories2]" time="1.716" /><testcase classname="backend.tests.test_ai_endpoints.TestSuggestTask" name="test_suggest_task_missing_title" time="0.048" /><testcase classname="backend.tests.test_ai_endpoints.TestSuggestTask" name="test_suggest_task_empty_title" time="3.071" /><testcase classname="backend.tests.test_ai_endpoints.TestWeeklySummary" name="test_weekly_summary_italian" time="5.624" /><testcase classname="backend.tests.test_ai_endpoints.TestWeeklySummary" name="test_weekly_summary_minimal" time="4.320" /><testcase classname="backend.tests.test_ai_endpoints.TestChat" name="test_chat_single_message" time="2.618" /><testcase classname="backend.tests.test_ai_endpoints.TestChat" name="test_chat_multi_turn_context" time="24.939" /><testcase classname="backend.tests.test_ai_endpoints.TestChat" name="test_chat_history" time="12.090" /><testcase classname="backend.tests.test_ai_endpoints.TestGiftIdeas" name="test_gift_ideas_basic" time="13.906" /><testcase classname="backend.tests.test_ai_endpoints.TestGiftIdeas" name="test_gift_ideas_missing_name" time="0.048" /></testsuite></testsuites>