<?xml version="1.0" encoding="utf-8"?><testsuites name="pytest tests"><testsuite name="pytest" errors="0" failures="0" skipped="0" tests="14" time="60.076" timestamp="2026-05-15T09:58:59.343651+00:00" hostname="agent-env-e1a8db2a-a625-4bd8-ad0d-2f9110b01597"><testcase classname="backend.tests.test_ai_endpoints.TestHealth" name="test_health" time="0.293" /><testcase classname="backend.tests.test_ai_endpoints.TestHealth" name="test_root_info" time="0.050" /><testcase classname="backend.tests.test_ai_endpoints.TestSuggestTask" name="test_suggest_task_categories[Pagare bolletta luce-expected_categories0]" time="2.243" /><testcase classname="backend.tests.test_ai_endpoints.TestSuggestTask" name="test_suggest_task_categories[Comprare il latte-expected_categories1]" time="2.519" /><testcase classname="backend.tests.test_ai_endpoints.TestSuggestTask" name="test_suggest_task_categories[Visita dentista-expected_categories2]" time="2.555" /><testcase classname="backend.tests.test_ai_endpoints.TestSuggestTask" name="test_suggest_task_missing_title" time="0.049" /><testcase classname="backend.tests.test_ai_endpoints.TestSuggestTask" name="test_suggest_task_empty_title" time="2.694" /><testcase classname="backend.tests.test_ai_endpoints.TestWeeklySummary" name="test_weekly_summary_italian" time="5.137" /><testcase classname="backend.tests.test_ai_endpoints.TestWeeklySummary" name="test_weekly_summary_minimal" time="4.413" /><testcase classname="backend.tests.test_ai_endpoints.TestChat" name="test_chat_single_message" time="3.611" /><testcase classname="backend.tests.test_ai_endpoints.TestChat" name="test_chat_multi_turn_context" time="13.027" /><testcase classname="backend.tests.test_ai_endpoints.TestChat" name="test_chat_history" time="11.164" /><testcase classname="backend.tests.test_ai_endpoints.TestGiftIdeas" name="test_gift_ideas_basic" time="12.179" /><testcase classname="backend.tests.test_ai_endpoints.TestGiftIdeas" name="test_gift_ideas_missing_name" time="0.049" /></testsuite></testsuites>